<?xml version="1.0" encoding="UTF-8" standalone="no"?>
<testsuite failures="0" name="cucumber.runtime.formatter.JUnitFormatter" skipped="0" tests="1" time="4.758397">
<testcase classname="Free CRM Login Feature" name="Free CRM Login Test Scenario" time="4.758397">
<system-out><![CDATA[Given user is already on Login Page.........................................passed
When title of amzon file....................................................passed
Then search for diaper......................................................passed
]]></system-out>
</testcase>
</testsuite>
